{
  message: '🛢   Database is connected successfully',
  level: 'info',
  label: 'arif!',
  timestamp: '2023-06-03T05:00:34.369Z'
}
{
  message: 'Application  listening on port 5000',
  level: 'info',
  label: 'arif!',
  timestamp: '2023-06-03T05:00:34.378Z'
}
{
  message: '🛢   Database is connected successfully',
  level: 'info',
  label: 'arif!',
  timestamp: '2023-06-03T05:00:54.266Z'
}
{
  message: 'Application  listening on port 5000',
  level: 'info',
  label: 'arif!',
  timestamp: '2023-06-03T05:00:54.272Z'
}
{
  message: '🛢   Database is connected successfully',
  level: 'info',
  label: 'arif!',
  timestamp: '2023-06-03T05:01:16.866Z'
}
{
  message: 'Application  listening on port 5000',
  level: 'info',
  label: 'arif!',
  timestamp: '2023-06-03T05:01:16.874Z'
}
{
  message: '🛢   Database is connected successfully',
  level: 'info',
  label: 'arif!',
  timestamp: '2023-06-03T05:01:49.333Z'
}
{
  message: 'Application  listening on port 5000',
  level: 'info',
  label: 'arif!',
  timestamp: '2023-06-03T05:01:49.338Z'
}
{
  message: '🛢   Database is connected successfully',
  level: 'info',
  label: 'arif!',
  timestamp: '2023-06-03T05:02:46.185Z'
}
{
  message: 'Application  listening on port 5000',
  level: 'info',
  label: 'arif!',
  timestamp: '2023-06-03T05:02:46.190Z'
}
{
  message: '🛢   Database is connected successfully',
  level: 'info',
  label: 'arif!',
  timestamp: '2023-06-03T05:04:19.290Z'
}
{
  message: 'Application  listening on port 5000',
  level: 'info',
  label: 'arif!',
  timestamp: '2023-06-03T05:04:19.296Z'
}
{
  message: '🛢   Database is connected successfully',
  level: 'info',
  label: 'arif!',
  timestamp: '2023-06-03T05:21:10.249Z'
}
{
  message: 'Application  listening on port 5000',
  level: 'info',
  label: 'arif!',
  timestamp: '2023-06-03T05:21:10.263Z'
}
